[    1492ms] [INFO] %cDownload the React DevTools for a better development experience: https://react.dev/link/react-devtools font-weight:bold @ webpack-internal:///(app-pages-browser)/../../node_modules/.pnpm/next@15.5.19_react-dom@19.2.7_react@19.2.7__react@19.2.7/node_modules/next/dist/compiled/react-dom/cjs/react-dom-client.development.js:25630
[    2142ms] TypeError: Cannot read properties of undefined (reading 'myActions')
    at DashboardPage (webpack-internal:///(app-pages-browser)/./src/app/dashboard/page.tsx:209:65)
    at Object.react_stack_bottom_frame (webpack-internal:///(app-pages-browser)/../../node_modules/.pnpm/next@15.5.19_react-dom@19.2.7_react@19.2.7__react@19.2.7/node_modules/next/dist/compiled/react-dom/cjs/react-dom-client.development.js:23584:20)
    at renderWithHooks (webpack-internal:///(app-pages-browser)/../../node_modules/.pnpm/next@15.5.19_react-dom@19.2.7_react@19.2.7__react@19.2.7/node_modules/next/dist/compiled/react-dom/cjs/react-dom-client.development.js:6793:22)
    at updateFunctionComponent (webpack-internal:///(app-pages-browser)/../../node_modules/.pnpm/next@15.5.19_react-dom@19.2.7_react@19.2.7__react@19.2.7/node_modules/next/dist/compiled/react-dom/cjs/react-dom-client.development.js:9247:19)
    at beginWork (webpack-internal:///(app-pages-browser)/../../node_modules/.pnpm/next@15.5.19_react-dom@19.2.7_react@19.2.7__react@19.2.7/node_modules/next/dist/compiled/react-dom/cjs/react-dom-client.development.js:10858:18)
    at runWithFiberInDEV (webpack-internal:///(app-pages-browser)/../../node_modules/.pnpm/next@15.5.19_react-dom@19.2.7_react@19.2.7__react@19.2.7/node_modules/next/dist/compiled/react-dom/cjs/react-dom-client.development.js:872:30)
    at performUnitOfWork (webpack-internal:///(app-pages-browser)/../../node_modules/.pnpm/next@15.5.19_react-dom@19.2.7_react@19.2.7__react@19.2.7/node_modules/next/dist/compiled/react-dom/cjs/react-dom-client.development.js:15727:22)
    at workLoopSync (webpack-internal:///(app-pages-browser)/../../node_modules/.pnpm/next@15.5.19_react-dom@19.2.7_react@19.2.7__react@19.2.7/node_modules/next/dist/compiled/react-dom/cjs/react-dom-client.development.js:15547:41)
    at renderRootSync (webpack-internal:///(app-pages-browser)/../../node_modules/.pnpm/next@15.5.19_react-dom@19.2.7_react@19.2.7__react@19.2.7/node_modules/next/dist/compiled/react-dom/cjs/react-dom-client.development.js:15527:11)
    at performWorkOnRoot (webpack-internal:///(app-pages-browser)/../../node_modules/.pnpm/next@15.5.19_react-dom@19.2.7_react@19.2.7__react@19.2.7/node_modules/next/dist/compiled/react-dom/cjs/react-dom-client.development.js:15034:44)
    at performWorkOnRootViaSchedulerTask (webpack-internal:///(app-pages-browser)/../../node_modules/.pnpm/next@15.5.19_react-dom@19.2.7_react@19.2.7__react@19.2.7/node_modules/next/dist/compiled/react-dom/cjs/react-dom-client.development.js:16816:7)
    at MessagePort.performWorkUntilDeadline (webpack-internal:///(app-pages-browser)/../../node_modules/.pnpm/next@15.5.19_react-dom@19.2.7_react@19.2.7__react@19.2.7/node_modules/next/dist/compiled/scheduler/cjs/scheduler.development.js:45:48)
[   96808ms] [LOG] [Fast Refresh] rebuilding @ webpack-internal:///(app-pages-browser)/../../node_modules/.pnpm/next@15.5.19_react-dom@19.2.7_react@19.2.7__react@19.2.7/node_modules/next/dist/client/dev/hot-reloader/app/hot-reloader-app.js:196
[   99846ms] [WARNING] [Fast Refresh] performing full reload because your application had an unrecoverable error @ webpack-internal:///(app-pages-browser)/../../node_modules/.pnpm/next@15.5.19_react-dom@19.2.7_react@19.2.7__react@19.2.7/node_modules/next/dist/client/dev/hot-reloader/app/hot-reloader-app.js:113
[  105596ms] [INFO] %cDownload the React DevTools for a better development experience: https://react.dev/link/react-devtools font-weight:bold @ webpack-internal:///(app-pages-browser)/../../node_modules/.pnpm/next@15.5.19_react-dom@19.2.7_react@19.2.7__react@19.2.7/node_modules/next/dist/compiled/react-dom/cjs/react-dom-client.development.js:25630
[  109104ms] [LOG] [Fast Refresh] rebuilding @ webpack-internal:///(app-pages-browser)/../../node_modules/.pnpm/next@15.5.19_react-dom@19.2.7_react@19.2.7__react@19.2.7/node_modules/next/dist/client/dev/hot-reloader/app/hot-reloader-app.js:196
[  110582ms] [LOG] [Fast Refresh] done in 1480ms @ webpack-internal:///(app-pages-browser)/../../node_modules/.pnpm/next@15.5.19_react-dom@19.2.7_react@19.2.7__react@19.2.7/node_modules/next/dist/client/dev/report-hmr-latency.js:13
[  113836ms] [LOG] [Fast Refresh] rebuilding @ webpack-internal:///(app-pages-browser)/../../node_modules/.pnpm/next@15.5.19_react-dom@19.2.7_react@19.2.7__react@19.2.7/node_modules/next/dist/client/dev/hot-reloader/app/hot-reloader-app.js:196
[  114988ms] [LOG] [Fast Refresh] done in 1151ms @ webpack-internal:///(app-pages-browser)/../../node_modules/.pnpm/next@15.5.19_react-dom@19.2.7_react@19.2.7__react@19.2.7/node_modules/next/dist/client/dev/report-hmr-latency.js:13
[  115341ms] [LOG] [Fast Refresh] rebuilding @ webpack-internal:///(app-pages-browser)/../../node_modules/.pnpm/next@15.5.19_react-dom@19.2.7_react@19.2.7__react@19.2.7/node_modules/next/dist/client/dev/hot-reloader/app/hot-reloader-app.js:196
[  116155ms] [LOG] [Fast Refresh] done in 814ms @ webpack-internal:///(app-pages-browser)/../../node_modules/.pnpm/next@15.5.19_react-dom@19.2.7_react@19.2.7__react@19.2.7/node_modules/next/dist/client/dev/report-hmr-latency.js:13
[  120922ms] [LOG] [Fast Refresh] rebuilding @ webpack-internal:///(app-pages-browser)/../../node_modules/.pnpm/next@15.5.19_react-dom@19.2.7_react@19.2.7__react@19.2.7/node_modules/next/dist/client/dev/hot-reloader/app/hot-reloader-app.js:196
[  121812ms] [LOG] [Fast Refresh] done in 890ms @ webpack-internal:///(app-pages-browser)/../../node_modules/.pnpm/next@15.5.19_react-dom@19.2.7_react@19.2.7__react@19.2.7/node_modules/next/dist/client/dev/report-hmr-latency.js:13
[  123290ms] [LOG] [Fast Refresh] rebuilding @ webpack-internal:///(app-pages-browser)/../../node_modules/.pnpm/next@15.5.19_react-dom@19.2.7_react@19.2.7__react@19.2.7/node_modules/next/dist/client/dev/hot-reloader/app/hot-reloader-app.js:196
[  125392ms] [LOG] [Fast Refresh] done in 2103ms @ webpack-internal:///(app-pages-browser)/../../node_modules/.pnpm/next@15.5.19_react-dom@19.2.7_react@19.2.7__react@19.2.7/node_modules/next/dist/client/dev/report-hmr-latency.js:13
[  127847ms] [LOG] [Fast Refresh] rebuilding @ webpack-internal:///(app-pages-browser)/../../node_modules/.pnpm/next@15.5.19_react-dom@19.2.7_react@19.2.7__react@19.2.7/node_modules/next/dist/client/dev/hot-reloader/app/hot-reloader-app.js:196
[  128853ms] [LOG] [Fast Refresh] done in 1005ms @ webpack-internal:///(app-pages-browser)/../../node_modules/.pnpm/next@15.5.19_react-dom@19.2.7_react@19.2.7__react@19.2.7/node_modules/next/dist/client/dev/report-hmr-latency.js:13
